{
  "RSpec": {
    "coverage": {
      "/home/vincent/workspace/jdr-tools/accounts/decorators/account.rb": [
        1,
        1,
        1,
        null,
        1,
        0,
        null,
        null,
        1,
        null,
        null,
        null,
        null,
        null,
        null,
        null,
        8,
        null,
        null,
        null,
        null
      ],
      "/home/vincent/workspace/jdr-tools/accounts/controllers/accounts_controller.rb": [
        null,
        null,
        null,
        null,
        1,
        null,
        1,
        38,
        null,
        38,
        188,
        null,
        null,
        24,
        24,
        null,
        24,
        2,
        22,
        2,
        20,
        2,
        null,
        18,
        18,
        8,
        8,
        null,
        10,
        null,
        null,
        null,
        null
      ],
      "/home/vincent/workspace/jdr-tools/accounts/utils/seeder.rb": [
        1,
        null,
        null,
        1,
        1,
        null,
        null,
        null,
        1,
        14,
        null,
        14,
        6,
        null,
        null,
        14,
        10,
        null,
        null,
        14,
        null,
        null,
        null
      ]
    },
    "timestamp": 1513861492
  }
}
